生成启动时间为 6/20/2015 8:19:15 PM。
     1>项目“D:\360\项目\UML\ftheword\ftheword\ftheword.vcxproj”在节点 2 上(Build 个目标)。
     1>ClCompile:
         C:\Program Files (x86)\Microsoft Visual Studio 12.0\VC\bin\CL.exe /c /ZI /nologo /W3 /WX- /Od /Oy- /D WIN32 /D _DEBUG /D _CONSOLE /D _LIB /D _UNICODE /D UNICODE /Gm /EHsc /RTC1 /MDd /GS /fp:precise /Zc:wchar_t /Zc:forScope /Fo"Debug\\" /Fd"Debug\vc120.pdb" /Gd /TP /analyze- /errorReport:prompt Markov.cpp TestCasesGenerater.cpp readmaer.cpp
         TestCasesGenerater.cpp
     1>d:\360\项目\uml\ftheword\ftheword\testcasesgenerater.cpp(54): warning C4018: “<”: 有符号/无符号不匹配
     1>d:\360\项目\uml\ftheword\ftheword\testcasesgenerater.cpp(73): warning C4018: “<”: 有符号/无符号不匹配
     1>d:\360\项目\uml\ftheword\ftheword\testcasesgenerater.cpp(106): warning C4018: “<”: 有符号/无符号不匹配
     1>d:\360\项目\uml\ftheword\ftheword\testcasesgenerater.cpp(120): warning C4018: “<”: 有符号/无符号不匹配
         Markov.cpp
     1>d:\360\项目\uml\ftheword\ftheword\markov.cpp(36): warning C4018: “<”: 有符号/无符号不匹配
     1>d:\360\项目\uml\ftheword\ftheword\markov.cpp(57): warning C4996: 'sprintf': This function or variable may be unsafe. Consider using sprintf_s instead. To disable deprecation, use _CRT_SECURE_NO_WARNINGS. See online help for details.
                 c:\program files (x86)\microsoft visual studio 12.0\vc\include\stdio.h(356) : 参见“sprintf”的声明
     1>d:\360\项目\uml\ftheword\ftheword\markov.cpp(65): warning C4101: “e”: 未引用的局部变量
         正在生成代码...
         正在跳过...(未检测到相关更改)
         readmaer.cpp
       Link:
         C:\Program Files (x86)\Microsoft Visual Studio 12.0\VC\bin\link.exe /ERRORREPORT:PROMPT /OUT:"D:\360\项目\UML\ftheword\Debug\ftheword.exe" /INCREMENTAL /NOLOGO kernel32.lib user32.lib gdi32.lib winspool.lib comdlg32.lib advapi32.lib shell32.lib ole32.lib oleaut32.lib uuid.lib odbc32.lib odbccp32.lib /MANIFEST /MANIFESTUAC:"level='asInvoker' uiAccess='false'" /manifest:embed /DEBUG /PDB:"D:\360\项目\UML\ftheword\Debug\ftheword.pdb" /SUBSYSTEM:CONSOLE /TLBID:1 /DYNAMICBASE /NXCOMPAT /IMPLIB:"D:\360\项目\UML\ftheword\Debug\ftheword.lib" /MACHINE:X86 Debug\Markov.obj
         Debug\readmaer.obj
         Debug\TestCasesGenerater.obj
         ftheword.vcxproj -> D:\360\项目\UML\ftheword\Debug\ftheword.exe
     1>已完成生成项目“D:\360\项目\UML\ftheword\ftheword\ftheword.vcxproj”(Build 个目标)的操作。

生成成功。

已用时间 00:00:03.18
